[INFO ] 2022-02-27 00:51:03.997 [main] bonigarcia.wdm.WebDriverManager - Using chromedriver 98.0.4758.102 (resolved driver for Chrome 98)
[INFO ] 2022-02-27 00:51:04.028 [main] bonigarcia.wdm.WebDriverManager - Exporting webdriver.chrome.driver as C:\Users\karen.paula.pinto\.cache\selenium\chromedriver\win32\98.0.4758.102\chromedriver.exe
[INFO ] 2022-02-27 00:51:11.353 [main] btg_automations.utils.SeleniumUtils - Navigate to URL
[WARN ] 2022-02-27 00:51:11.354 [main] btg_automations.actions.Login_Action - Página acessada com sucesso
[INFO ] 2022-02-27 00:51:12.456 [main] btg_automations.actions.Login_Action - Nome colocado com sucesso!
[INFO ] 2022-02-27 00:51:12.981 [main] btg_automations.actions.Login_Action - Senha colocada com sucesso!
[ERROR] 2022-02-27 00:51:13.412 [main] btg_automations.actions.Login_Action - Botão Apertado com sucesso!
[INFO ] 2022-02-27 00:51:20.376 [main] bonigarcia.wdm.WebDriverManager - Using chromedriver 98.0.4758.102 (resolved driver for Chrome 98)
[INFO ] 2022-02-27 00:51:20.376 [main] bonigarcia.wdm.WebDriverManager - Exporting webdriver.chrome.driver as C:\Users\karen.paula.pinto\.cache\selenium\chromedriver\win32\98.0.4758.102\chromedriver.exe
[INFO ] 2022-02-27 00:51:24.150 [main] btg_automations.utils.SeleniumUtils - Navigate to URL
[WARN ] 2022-02-27 00:51:24.150 [main] btg_automations.actions.Login_Action - Página acessada com sucesso
[INFO ] 2022-02-27 00:51:24.616 [main] btg_automations.actions.Login_Action - Nome colocado com sucesso!
[INFO ] 2022-02-27 00:51:24.986 [main] btg_automations.actions.Login_Action - Senha colocada com sucesso!
[ERROR] 2022-02-27 00:51:25.251 [main] btg_automations.actions.Login_Action - Botão Apertado com sucesso!
[INFO ] 2022-02-27 00:51:32.155 [main] bonigarcia.wdm.WebDriverManager - Using chromedriver 98.0.4758.102 (resolved driver for Chrome 98)
[INFO ] 2022-02-27 00:51:32.163 [main] bonigarcia.wdm.WebDriverManager - Exporting webdriver.chrome.driver as C:\Users\karen.paula.pinto\.cache\selenium\chromedriver\win32\98.0.4758.102\chromedriver.exe
[INFO ] 2022-02-27 00:51:35.331 [main] btg_automations.utils.SeleniumUtils - Navigate to URL
[WARN ] 2022-02-27 00:51:35.332 [main] btg_automations.actions.Login_Action - Página acessada com sucesso
[INFO ] 2022-02-27 00:51:35.768 [main] btg_automations.actions.Login_Action - Nome colocado com sucesso!
[INFO ] 2022-02-27 00:51:36.186 [main] btg_automations.actions.Login_Action - Senha colocada com sucesso!
[ERROR] 2022-02-27 00:51:36.886 [main] btg_automations.actions.Login_Action - Botão Apertado com sucesso!
[INFO ] 2022-02-27 00:51:40.779 [main] bonigarcia.wdm.WebDriverManager - Using chromedriver 98.0.4758.102 (resolved driver for Chrome 98)
[INFO ] 2022-02-27 00:51:40.779 [main] bonigarcia.wdm.WebDriverManager - Exporting webdriver.chrome.driver as C:\Users\karen.paula.pinto\.cache\selenium\chromedriver\win32\98.0.4758.102\chromedriver.exe
[INFO ] 2022-02-27 00:51:43.938 [main] btg_automations.utils.SeleniumUtils - Navigate to URL
[WARN ] 2022-02-27 00:51:43.939 [main] btg_automations.actions.Login_Action - Página acessada com sucesso
[INFO ] 2022-02-27 00:51:44.276 [main] btg_automations.actions.Login_Action - Nome colocado com sucesso!
[INFO ] 2022-02-27 00:51:44.565 [main] btg_automations.actions.Login_Action - Senha colocada com sucesso!
[ERROR] 2022-02-27 00:51:44.808 [main] btg_automations.actions.Login_Action - Botão Apertado com sucesso!
