[INFO ] 2022-02-27 02:06:16.927 [main] bonigarcia.wdm.WebDriverManager - Using chromedriver 98.0.4758.102 (resolved driver for Chrome 98)
[INFO ] 2022-02-27 02:06:16.946 [main] bonigarcia.wdm.WebDriverManager - Exporting webdriver.chrome.driver as C:\Users\karen.paula.pinto\.cache\selenium\chromedriver\win32\98.0.4758.102\chromedriver.exe
[INFO ] 2022-02-27 02:06:21.257 [main] btg_automations.utils.SeleniumUtils - Navigate to URL
[WARN ] 2022-02-27 02:06:21.257 [main] btg_automations.actions.Login_Action - Página acessada com sucesso
[INFO ] 2022-02-27 02:06:22.183 [main] btg_automations.actions.Login_Action - Nome colocado com sucesso!
[INFO ] 2022-02-27 02:06:22.474 [main] btg_automations.actions.Login_Action - Senha colocada com sucesso!
[ERROR] 2022-02-27 02:06:22.751 [main] btg_automations.actions.Login_Action - Botão Apertado com sucesso!
[INFO ] 2022-02-27 02:06:29.745 [main] bonigarcia.wdm.WebDriverManager - Using chromedriver 98.0.4758.102 (resolved driver for Chrome 98)
[INFO ] 2022-02-27 02:06:29.761 [main] bonigarcia.wdm.WebDriverManager - Exporting webdriver.chrome.driver as C:\Users\karen.paula.pinto\.cache\selenium\chromedriver\win32\98.0.4758.102\chromedriver.exe
[INFO ] 2022-02-27 02:06:32.679 [main] btg_automations.utils.SeleniumUtils - Navigate to URL
[WARN ] 2022-02-27 02:06:32.679 [main] btg_automations.actions.Login_Action - Página acessada com sucesso
[INFO ] 2022-02-27 02:06:32.979 [main] btg_automations.actions.Login_Action - Nome colocado com sucesso!
[INFO ] 2022-02-27 02:06:33.251 [main] btg_automations.actions.Login_Action - Senha colocada com sucesso!
[ERROR] 2022-02-27 02:06:33.487 [main] btg_automations.actions.Login_Action - Botão Apertado com sucesso!
[INFO ] 2022-02-27 02:06:40.641 [main] bonigarcia.wdm.WebDriverManager - Using chromedriver 98.0.4758.102 (resolved driver for Chrome 98)
[INFO ] 2022-02-27 02:06:40.649 [main] bonigarcia.wdm.WebDriverManager - Exporting webdriver.chrome.driver as C:\Users\karen.paula.pinto\.cache\selenium\chromedriver\win32\98.0.4758.102\chromedriver.exe
[INFO ] 2022-02-27 02:06:44.097 [main] btg_automations.utils.SeleniumUtils - Navigate to URL
[WARN ] 2022-02-27 02:06:44.098 [main] btg_automations.actions.Login_Action - Página acessada com sucesso
[INFO ] 2022-02-27 02:06:44.363 [main] btg_automations.actions.Login_Action - Nome colocado com sucesso!
[INFO ] 2022-02-27 02:06:44.629 [main] btg_automations.actions.Login_Action - Senha colocada com sucesso!
[ERROR] 2022-02-27 02:06:44.842 [main] btg_automations.actions.Login_Action - Botão Apertado com sucesso!
[INFO ] 2022-02-27 02:06:48.763 [main] bonigarcia.wdm.WebDriverManager - Using chromedriver 98.0.4758.102 (resolved driver for Chrome 98)
[INFO ] 2022-02-27 02:06:48.770 [main] bonigarcia.wdm.WebDriverManager - Exporting webdriver.chrome.driver as C:\Users\karen.paula.pinto\.cache\selenium\chromedriver\win32\98.0.4758.102\chromedriver.exe
[INFO ] 2022-02-27 02:06:51.937 [main] btg_automations.utils.SeleniumUtils - Navigate to URL
[WARN ] 2022-02-27 02:06:51.937 [main] btg_automations.actions.Login_Action - Página acessada com sucesso
[INFO ] 2022-02-27 02:06:52.340 [main] btg_automations.actions.Login_Action - Nome colocado com sucesso!
[INFO ] 2022-02-27 02:06:52.726 [main] btg_automations.actions.Login_Action - Senha colocada com sucesso!
[ERROR] 2022-02-27 02:06:52.999 [main] btg_automations.actions.Login_Action - Botão Apertado com sucesso!
