[INFO ] 2022-02-27 02:07:43.032 [main] bonigarcia.wdm.WebDriverManager - Using chromedriver 98.0.4758.102 (resolved driver for Chrome 98)
[INFO ] 2022-02-27 02:07:43.063 [main] bonigarcia.wdm.WebDriverManager - Exporting webdriver.chrome.driver as C:\Users\karen.paula.pinto\.cache\selenium\chromedriver\win32\98.0.4758.102\chromedriver.exe
[INFO ] 2022-02-27 02:07:47.334 [main] btg_automations.utils.SeleniumUtils - Navigate to URL
[WARN ] 2022-02-27 02:07:47.335 [main] btg_automations.actions.Login_Action - Página acessada com sucesso
[INFO ] 2022-02-27 02:07:48.302 [main] btg_automations.actions.Login_Action - Nome colocado com sucesso!
[INFO ] 2022-02-27 02:07:48.646 [main] btg_automations.actions.Login_Action - Senha colocada com sucesso!
[ERROR] 2022-02-27 02:07:48.980 [main] btg_automations.actions.Login_Action - Botão Apertado com sucesso!
[INFO ] 2022-02-27 02:07:55.932 [main] bonigarcia.wdm.WebDriverManager - Using chromedriver 98.0.4758.102 (resolved driver for Chrome 98)
[INFO ] 2022-02-27 02:07:55.949 [main] bonigarcia.wdm.WebDriverManager - Exporting webdriver.chrome.driver as C:\Users\karen.paula.pinto\.cache\selenium\chromedriver\win32\98.0.4758.102\chromedriver.exe
[INFO ] 2022-02-27 02:07:58.730 [main] btg_automations.utils.SeleniumUtils - Navigate to URL
[WARN ] 2022-02-27 02:07:58.731 [main] btg_automations.actions.Login_Action - Página acessada com sucesso
[INFO ] 2022-02-27 02:07:59.067 [main] btg_automations.actions.Login_Action - Nome colocado com sucesso!
[INFO ] 2022-02-27 02:07:59.359 [main] btg_automations.actions.Login_Action - Senha colocada com sucesso!
[ERROR] 2022-02-27 02:07:59.671 [main] btg_automations.actions.Login_Action - Botão Apertado com sucesso!
[INFO ] 2022-02-27 02:08:06.562 [main] bonigarcia.wdm.WebDriverManager - Using chromedriver 98.0.4758.102 (resolved driver for Chrome 98)
[INFO ] 2022-02-27 02:08:06.562 [main] bonigarcia.wdm.WebDriverManager - Exporting webdriver.chrome.driver as C:\Users\karen.paula.pinto\.cache\selenium\chromedriver\win32\98.0.4758.102\chromedriver.exe
[INFO ] 2022-02-27 02:08:09.494 [main] btg_automations.utils.SeleniumUtils - Navigate to URL
[WARN ] 2022-02-27 02:08:09.494 [main] btg_automations.actions.Login_Action - Página acessada com sucesso
[INFO ] 2022-02-27 02:08:09.792 [main] btg_automations.actions.Login_Action - Nome colocado com sucesso!
[INFO ] 2022-02-27 02:08:10.088 [main] btg_automations.actions.Login_Action - Senha colocada com sucesso!
[ERROR] 2022-02-27 02:08:10.313 [main] btg_automations.actions.Login_Action - Botão Apertado com sucesso!
[INFO ] 2022-02-27 02:08:14.182 [main] bonigarcia.wdm.WebDriverManager - Using chromedriver 98.0.4758.102 (resolved driver for Chrome 98)
[INFO ] 2022-02-27 02:08:14.201 [main] bonigarcia.wdm.WebDriverManager - Exporting webdriver.chrome.driver as C:\Users\karen.paula.pinto\.cache\selenium\chromedriver\win32\98.0.4758.102\chromedriver.exe
[INFO ] 2022-02-27 02:08:17.029 [main] btg_automations.utils.SeleniumUtils - Navigate to URL
[WARN ] 2022-02-27 02:08:17.029 [main] btg_automations.actions.Login_Action - Página acessada com sucesso
[INFO ] 2022-02-27 02:08:17.290 [main] btg_automations.actions.Login_Action - Nome colocado com sucesso!
[INFO ] 2022-02-27 02:08:17.580 [main] btg_automations.actions.Login_Action - Senha colocada com sucesso!
[ERROR] 2022-02-27 02:08:17.778 [main] btg_automations.actions.Login_Action - Botão Apertado com sucesso!
