[INFO ] 2022-02-27 23:08:04.480 [main] bonigarcia.wdm.WebDriverManager - Using chromedriver 98.0.4758.102 (resolved driver for Chrome 98)
[INFO ] 2022-02-27 23:08:04.517 [main] bonigarcia.wdm.WebDriverManager - Exporting webdriver.chrome.driver as C:\Users\karen.paula.pinto\.cache\selenium\chromedriver\win32\98.0.4758.102\chromedriver.exe
[INFO ] 2022-02-27 23:08:10.978 [main] btg_automations.utils.SeleniumUtils - Navigate to URL
[WARN ] 2022-02-27 23:08:10.978 [main] btg_automations.actions.Login_Action - Página acessada com sucesso
[INFO ] 2022-02-27 23:08:12.065 [main] btg_automations.actions.Login_Action - Nome colocado com sucesso!
[INFO ] 2022-02-27 23:08:12.803 [main] btg_automations.actions.Login_Action - Senha colocada com sucesso!
[ERROR] 2022-02-27 23:08:13.465 [main] btg_automations.actions.Login_Action - Botão Apertado com sucesso!
[INFO ] 2022-02-27 23:08:20.504 [main] bonigarcia.wdm.WebDriverManager - Using chromedriver 98.0.4758.102 (resolved driver for Chrome 98)
[INFO ] 2022-02-27 23:08:20.520 [main] bonigarcia.wdm.WebDriverManager - Exporting webdriver.chrome.driver as C:\Users\karen.paula.pinto\.cache\selenium\chromedriver\win32\98.0.4758.102\chromedriver.exe
[INFO ] 2022-02-27 23:08:27.290 [main] btg_automations.utils.SeleniumUtils - Navigate to URL
[WARN ] 2022-02-27 23:08:27.291 [main] btg_automations.actions.Login_Action - Página acessada com sucesso
[INFO ] 2022-02-27 23:08:27.608 [main] btg_automations.actions.Login_Action - Nome colocado com sucesso!
[INFO ] 2022-02-27 23:08:27.899 [main] btg_automations.actions.Login_Action - Senha colocada com sucesso!
[ERROR] 2022-02-27 23:08:28.191 [main] btg_automations.actions.Login_Action - Botão Apertado com sucesso!
[INFO ] 2022-02-27 23:08:35.162 [main] bonigarcia.wdm.WebDriverManager - Using chromedriver 98.0.4758.102 (resolved driver for Chrome 98)
[INFO ] 2022-02-27 23:08:35.162 [main] bonigarcia.wdm.WebDriverManager - Exporting webdriver.chrome.driver as C:\Users\karen.paula.pinto\.cache\selenium\chromedriver\win32\98.0.4758.102\chromedriver.exe
[INFO ] 2022-02-27 23:08:38.549 [main] btg_automations.utils.SeleniumUtils - Navigate to URL
[WARN ] 2022-02-27 23:08:38.550 [main] btg_automations.actions.Login_Action - Página acessada com sucesso
[INFO ] 2022-02-27 23:08:38.853 [main] btg_automations.actions.Login_Action - Nome colocado com sucesso!
[INFO ] 2022-02-27 23:08:39.115 [main] btg_automations.actions.Login_Action - Senha colocada com sucesso!
[ERROR] 2022-02-27 23:08:39.335 [main] btg_automations.actions.Login_Action - Botão Apertado com sucesso!
[INFO ] 2022-02-27 23:08:43.274 [main] bonigarcia.wdm.WebDriverManager - Using chromedriver 98.0.4758.102 (resolved driver for Chrome 98)
[INFO ] 2022-02-27 23:08:43.274 [main] bonigarcia.wdm.WebDriverManager - Exporting webdriver.chrome.driver as C:\Users\karen.paula.pinto\.cache\selenium\chromedriver\win32\98.0.4758.102\chromedriver.exe
[INFO ] 2022-02-27 23:08:46.465 [main] btg_automations.utils.SeleniumUtils - Navigate to URL
[WARN ] 2022-02-27 23:08:46.465 [main] btg_automations.actions.Login_Action - Página acessada com sucesso
[INFO ] 2022-02-27 23:08:46.779 [main] btg_automations.actions.Login_Action - Nome colocado com sucesso!
[INFO ] 2022-02-27 23:08:47.042 [main] btg_automations.actions.Login_Action - Senha colocada com sucesso!
[ERROR] 2022-02-27 23:08:47.276 [main] btg_automations.actions.Login_Action - Botão Apertado com sucesso!
