[INFO ] 2022-02-27 03:10:58.976 [main] bonigarcia.wdm.WebDriverManager - Using chromedriver 98.0.4758.102 (resolved driver for Chrome 98)
[INFO ] 2022-02-27 03:10:59.038 [main] bonigarcia.wdm.WebDriverManager - Exporting webdriver.chrome.driver as C:\Users\karen.paula.pinto\.cache\selenium\chromedriver\win32\98.0.4758.102\chromedriver.exe
[INFO ] 2022-02-27 03:11:06.157 [main] btg_automations.utils.SeleniumUtils - Navigate to URL
[WARN ] 2022-02-27 03:11:06.158 [main] btg_automations.actions.Login_Action - Página acessada com sucesso
[INFO ] 2022-02-27 03:11:07.802 [main] btg_automations.actions.Login_Action - Nome colocado com sucesso!
[INFO ] 2022-02-27 03:11:08.310 [main] btg_automations.actions.Login_Action - Senha colocada com sucesso!
[ERROR] 2022-02-27 03:11:09.225 [main] btg_automations.actions.Login_Action - Botão Apertado com sucesso!
[INFO ] 2022-02-27 03:11:17.425 [main] bonigarcia.wdm.WebDriverManager - Using chromedriver 98.0.4758.102 (resolved driver for Chrome 98)
[INFO ] 2022-02-27 03:11:17.440 [main] bonigarcia.wdm.WebDriverManager - Exporting webdriver.chrome.driver as C:\Users\karen.paula.pinto\.cache\selenium\chromedriver\win32\98.0.4758.102\chromedriver.exe
[INFO ] 2022-02-27 03:11:23.140 [main] btg_automations.utils.SeleniumUtils - Navigate to URL
[WARN ] 2022-02-27 03:11:23.141 [main] btg_automations.actions.Login_Action - Página acessada com sucesso
[INFO ] 2022-02-27 03:11:23.671 [main] btg_automations.actions.Login_Action - Nome colocado com sucesso!
[INFO ] 2022-02-27 03:11:24.057 [main] btg_automations.actions.Login_Action - Senha colocada com sucesso!
[ERROR] 2022-02-27 03:11:24.461 [main] btg_automations.actions.Login_Action - Botão Apertado com sucesso!
[INFO ] 2022-02-27 03:11:31.504 [main] bonigarcia.wdm.WebDriverManager - Using chromedriver 98.0.4758.102 (resolved driver for Chrome 98)
[INFO ] 2022-02-27 03:11:31.509 [main] bonigarcia.wdm.WebDriverManager - Exporting webdriver.chrome.driver as C:\Users\karen.paula.pinto\.cache\selenium\chromedriver\win32\98.0.4758.102\chromedriver.exe
[INFO ] 2022-02-27 03:11:36.031 [main] btg_automations.utils.SeleniumUtils - Navigate to URL
[WARN ] 2022-02-27 03:11:36.032 [main] btg_automations.actions.Login_Action - Página acessada com sucesso
[INFO ] 2022-02-27 03:11:36.474 [main] btg_automations.actions.Login_Action - Nome colocado com sucesso!
[INFO ] 2022-02-27 03:11:36.879 [main] btg_automations.actions.Login_Action - Senha colocada com sucesso!
[ERROR] 2022-02-27 03:11:37.177 [main] btg_automations.actions.Login_Action - Botão Apertado com sucesso!
[INFO ] 2022-02-27 03:11:41.109 [main] bonigarcia.wdm.WebDriverManager - Using chromedriver 98.0.4758.102 (resolved driver for Chrome 98)
[INFO ] 2022-02-27 03:11:41.116 [main] bonigarcia.wdm.WebDriverManager - Exporting webdriver.chrome.driver as C:\Users\karen.paula.pinto\.cache\selenium\chromedriver\win32\98.0.4758.102\chromedriver.exe
[INFO ] 2022-02-27 03:11:44.200 [main] btg_automations.utils.SeleniumUtils - Navigate to URL
[WARN ] 2022-02-27 03:11:44.201 [main] btg_automations.actions.Login_Action - Página acessada com sucesso
[INFO ] 2022-02-27 03:11:44.515 [main] btg_automations.actions.Login_Action - Nome colocado com sucesso!
[INFO ] 2022-02-27 03:11:44.793 [main] btg_automations.actions.Login_Action - Senha colocada com sucesso!
[ERROR] 2022-02-27 03:11:45.030 [main] btg_automations.actions.Login_Action - Botão Apertado com sucesso!
