[INFO ] 2022-02-27 02:11:55.108 [main] bonigarcia.wdm.WebDriverManager - Using chromedriver 98.0.4758.102 (resolved driver for Chrome 98)
[INFO ] 2022-02-27 02:11:55.124 [main] bonigarcia.wdm.WebDriverManager - Exporting webdriver.chrome.driver as C:\Users\karen.paula.pinto\.cache\selenium\chromedriver\win32\98.0.4758.102\chromedriver.exe
[INFO ] 2022-02-27 02:11:59.791 [main] btg_automations.utils.SeleniumUtils - Navigate to URL
[WARN ] 2022-02-27 02:11:59.792 [main] btg_automations.actions.Login_Action - Página acessada com sucesso
[INFO ] 2022-02-27 02:12:00.531 [main] btg_automations.actions.Login_Action - Nome colocado com sucesso!
[INFO ] 2022-02-27 02:12:00.983 [main] btg_automations.actions.Login_Action - Senha colocada com sucesso!
[ERROR] 2022-02-27 02:12:01.316 [main] btg_automations.actions.Login_Action - Botão Apertado com sucesso!
[INFO ] 2022-02-27 02:12:08.266 [main] bonigarcia.wdm.WebDriverManager - Using chromedriver 98.0.4758.102 (resolved driver for Chrome 98)
[INFO ] 2022-02-27 02:12:08.268 [main] bonigarcia.wdm.WebDriverManager - Exporting webdriver.chrome.driver as C:\Users\karen.paula.pinto\.cache\selenium\chromedriver\win32\98.0.4758.102\chromedriver.exe
[INFO ] 2022-02-27 02:12:11.405 [main] btg_automations.utils.SeleniumUtils - Navigate to URL
[WARN ] 2022-02-27 02:12:11.405 [main] btg_automations.actions.Login_Action - Página acessada com sucesso
[INFO ] 2022-02-27 02:12:11.742 [main] btg_automations.actions.Login_Action - Nome colocado com sucesso!
[INFO ] 2022-02-27 02:12:12.053 [main] btg_automations.actions.Login_Action - Senha colocada com sucesso!
[ERROR] 2022-02-27 02:12:12.329 [main] btg_automations.actions.Login_Action - Botão Apertado com sucesso!
[INFO ] 2022-02-27 02:12:19.235 [main] bonigarcia.wdm.WebDriverManager - Using chromedriver 98.0.4758.102 (resolved driver for Chrome 98)
[INFO ] 2022-02-27 02:12:19.250 [main] bonigarcia.wdm.WebDriverManager - Exporting webdriver.chrome.driver as C:\Users\karen.paula.pinto\.cache\selenium\chromedriver\win32\98.0.4758.102\chromedriver.exe
[INFO ] 2022-02-27 02:12:22.006 [main] btg_automations.utils.SeleniumUtils - Navigate to URL
[WARN ] 2022-02-27 02:12:22.007 [main] btg_automations.actions.Login_Action - Página acessada com sucesso
[INFO ] 2022-02-27 02:12:22.268 [main] btg_automations.actions.Login_Action - Nome colocado com sucesso!
[INFO ] 2022-02-27 02:12:22.527 [main] btg_automations.actions.Login_Action - Senha colocada com sucesso!
[ERROR] 2022-02-27 02:12:22.732 [main] btg_automations.actions.Login_Action - Botão Apertado com sucesso!
[INFO ] 2022-02-27 02:12:26.678 [main] bonigarcia.wdm.WebDriverManager - Using chromedriver 98.0.4758.102 (resolved driver for Chrome 98)
[INFO ] 2022-02-27 02:12:26.686 [main] bonigarcia.wdm.WebDriverManager - Exporting webdriver.chrome.driver as C:\Users\karen.paula.pinto\.cache\selenium\chromedriver\win32\98.0.4758.102\chromedriver.exe
[INFO ] 2022-02-27 02:12:29.779 [main] btg_automations.utils.SeleniumUtils - Navigate to URL
[WARN ] 2022-02-27 02:12:29.780 [main] btg_automations.actions.Login_Action - Página acessada com sucesso
[INFO ] 2022-02-27 02:12:30.125 [main] btg_automations.actions.Login_Action - Nome colocado com sucesso!
[INFO ] 2022-02-27 02:12:30.409 [main] btg_automations.actions.Login_Action - Senha colocada com sucesso!
[ERROR] 2022-02-27 02:12:30.651 [main] btg_automations.actions.Login_Action - Botão Apertado com sucesso!
