[INFO ] 2022-02-27 02:28:48.494 [main] bonigarcia.wdm.WebDriverManager - Using chromedriver 98.0.4758.102 (resolved driver for Chrome 98)
[INFO ] 2022-02-27 02:28:48.510 [main] bonigarcia.wdm.WebDriverManager - Exporting webdriver.chrome.driver as C:\Users\karen.paula.pinto\.cache\selenium\chromedriver\win32\98.0.4758.102\chromedriver.exe
[INFO ] 2022-02-27 02:28:54.355 [main] btg_automations.utils.SeleniumUtils - Navigate to URL
[WARN ] 2022-02-27 02:28:54.355 [main] btg_automations.actions.Login_Action - Página acessada com sucesso
[INFO ] 2022-02-27 02:28:55.212 [main] btg_automations.actions.Login_Action - Nome colocado com sucesso!
[INFO ] 2022-02-27 02:28:55.513 [main] btg_automations.actions.Login_Action - Senha colocada com sucesso!
[ERROR] 2022-02-27 02:28:55.741 [main] btg_automations.actions.Login_Action - Botão Apertado com sucesso!
[INFO ] 2022-02-27 02:29:02.649 [main] bonigarcia.wdm.WebDriverManager - Using chromedriver 98.0.4758.102 (resolved driver for Chrome 98)
[INFO ] 2022-02-27 02:29:02.665 [main] bonigarcia.wdm.WebDriverManager - Exporting webdriver.chrome.driver as C:\Users\karen.paula.pinto\.cache\selenium\chromedriver\win32\98.0.4758.102\chromedriver.exe
[INFO ] 2022-02-27 02:29:05.550 [main] btg_automations.utils.SeleniumUtils - Navigate to URL
[WARN ] 2022-02-27 02:29:05.553 [main] btg_automations.actions.Login_Action - Página acessada com sucesso
[INFO ] 2022-02-27 02:29:05.782 [main] btg_automations.actions.Login_Action - Nome colocado com sucesso!
[INFO ] 2022-02-27 02:29:06.035 [main] btg_automations.actions.Login_Action - Senha colocada com sucesso!
[ERROR] 2022-02-27 02:29:06.234 [main] btg_automations.actions.Login_Action - Botão Apertado com sucesso!
[INFO ] 2022-02-27 02:29:13.124 [main] bonigarcia.wdm.WebDriverManager - Using chromedriver 98.0.4758.102 (resolved driver for Chrome 98)
[INFO ] 2022-02-27 02:29:13.131 [main] bonigarcia.wdm.WebDriverManager - Exporting webdriver.chrome.driver as C:\Users\karen.paula.pinto\.cache\selenium\chromedriver\win32\98.0.4758.102\chromedriver.exe
[INFO ] 2022-02-27 02:29:16.005 [main] btg_automations.utils.SeleniumUtils - Navigate to URL
[WARN ] 2022-02-27 02:29:16.006 [main] btg_automations.actions.Login_Action - Página acessada com sucesso
[INFO ] 2022-02-27 02:29:16.279 [main] btg_automations.actions.Login_Action - Nome colocado com sucesso!
[INFO ] 2022-02-27 02:29:16.530 [main] btg_automations.actions.Login_Action - Senha colocada com sucesso!
[ERROR] 2022-02-27 02:29:16.747 [main] btg_automations.actions.Login_Action - Botão Apertado com sucesso!
[INFO ] 2022-02-27 02:29:20.681 [main] bonigarcia.wdm.WebDriverManager - Using chromedriver 98.0.4758.102 (resolved driver for Chrome 98)
[INFO ] 2022-02-27 02:29:20.693 [main] bonigarcia.wdm.WebDriverManager - Exporting webdriver.chrome.driver as C:\Users\karen.paula.pinto\.cache\selenium\chromedriver\win32\98.0.4758.102\chromedriver.exe
[INFO ] 2022-02-27 02:29:23.764 [main] btg_automations.utils.SeleniumUtils - Navigate to URL
[WARN ] 2022-02-27 02:29:23.764 [main] btg_automations.actions.Login_Action - Página acessada com sucesso
[INFO ] 2022-02-27 02:29:24.039 [main] btg_automations.actions.Login_Action - Nome colocado com sucesso!
[INFO ] 2022-02-27 02:29:24.276 [main] btg_automations.actions.Login_Action - Senha colocada com sucesso!
[ERROR] 2022-02-27 02:29:24.486 [main] btg_automations.actions.Login_Action - Botão Apertado com sucesso!
