[INFO ] 2022-02-27 02:03:36.978 [main] bonigarcia.wdm.WebDriverManager - Using chromedriver 98.0.4758.102 (resolved driver for Chrome 98)
[INFO ] 2022-02-27 02:03:37.010 [main] bonigarcia.wdm.WebDriverManager - Exporting webdriver.chrome.driver as C:\Users\karen.paula.pinto\.cache\selenium\chromedriver\win32\98.0.4758.102\chromedriver.exe
[INFO ] 2022-02-27 02:03:42.472 [main] btg_automations.utils.SeleniumUtils - Navigate to URL
[WARN ] 2022-02-27 02:03:42.473 [main] btg_automations.actions.Login_Action - Página acessada com sucesso
[INFO ] 2022-02-27 02:03:43.287 [main] btg_automations.actions.Login_Action - Nome colocado com sucesso!
[INFO ] 2022-02-27 02:03:43.646 [main] btg_automations.actions.Login_Action - Senha colocada com sucesso!
[ERROR] 2022-02-27 02:03:43.919 [main] btg_automations.actions.Login_Action - Botão Apertado com sucesso!
[INFO ] 2022-02-27 02:03:50.931 [main] bonigarcia.wdm.WebDriverManager - Using chromedriver 98.0.4758.102 (resolved driver for Chrome 98)
[INFO ] 2022-02-27 02:03:50.937 [main] bonigarcia.wdm.WebDriverManager - Exporting webdriver.chrome.driver as C:\Users\karen.paula.pinto\.cache\selenium\chromedriver\win32\98.0.4758.102\chromedriver.exe
[INFO ] 2022-02-27 02:03:54.122 [main] btg_automations.utils.SeleniumUtils - Navigate to URL
[WARN ] 2022-02-27 02:03:54.123 [main] btg_automations.actions.Login_Action - Página acessada com sucesso
[INFO ] 2022-02-27 02:03:54.653 [main] btg_automations.actions.Login_Action - Nome colocado com sucesso!
[INFO ] 2022-02-27 02:03:55.104 [main] btg_automations.actions.Login_Action - Senha colocada com sucesso!
[ERROR] 2022-02-27 02:03:55.375 [main] btg_automations.actions.Login_Action - Botão Apertado com sucesso!
[INFO ] 2022-02-27 02:04:02.321 [main] bonigarcia.wdm.WebDriverManager - Using chromedriver 98.0.4758.102 (resolved driver for Chrome 98)
[INFO ] 2022-02-27 02:04:02.333 [main] bonigarcia.wdm.WebDriverManager - Exporting webdriver.chrome.driver as C:\Users\karen.paula.pinto\.cache\selenium\chromedriver\win32\98.0.4758.102\chromedriver.exe
[INFO ] 2022-02-27 02:04:05.492 [main] btg_automations.utils.SeleniumUtils - Navigate to URL
[WARN ] 2022-02-27 02:04:05.492 [main] btg_automations.actions.Login_Action - Página acessada com sucesso
[INFO ] 2022-02-27 02:04:05.794 [main] btg_automations.actions.Login_Action - Nome colocado com sucesso!
[INFO ] 2022-02-27 02:04:06.079 [main] btg_automations.actions.Login_Action - Senha colocada com sucesso!
[ERROR] 2022-02-27 02:04:06.288 [main] btg_automations.actions.Login_Action - Botão Apertado com sucesso!
[INFO ] 2022-02-27 02:04:10.187 [main] bonigarcia.wdm.WebDriverManager - Using chromedriver 98.0.4758.102 (resolved driver for Chrome 98)
[INFO ] 2022-02-27 02:04:10.202 [main] bonigarcia.wdm.WebDriverManager - Exporting webdriver.chrome.driver as C:\Users\karen.paula.pinto\.cache\selenium\chromedriver\win32\98.0.4758.102\chromedriver.exe
[INFO ] 2022-02-27 02:04:13.403 [main] btg_automations.utils.SeleniumUtils - Navigate to URL
[WARN ] 2022-02-27 02:04:13.403 [main] btg_automations.actions.Login_Action - Página acessada com sucesso
[INFO ] 2022-02-27 02:04:13.762 [main] btg_automations.actions.Login_Action - Nome colocado com sucesso!
[INFO ] 2022-02-27 02:04:14.071 [main] btg_automations.actions.Login_Action - Senha colocada com sucesso!
[ERROR] 2022-02-27 02:04:14.300 [main] btg_automations.actions.Login_Action - Botão Apertado com sucesso!
